# JRE version: OpenJDK Runtime Environment (8.0_112-b06) (build 1.8.0_112-release-b06)
# Java VM: OpenJDK 64-Bit Server VM (25.112-b06 mixed mode windows-amd64 compressed oops)
Heap:
 PSYoungGen      total 458752K, used 458305K [0x00000000e0000000, 0x00000000fe700000, 0x0000000100000000)
  eden space 448512K, 100% used [0x00000000e0000000,0x00000000fb600000,0x00000000fb600000)
  from space 10240K, 95% used [0x00000000fc980000,0x00000000fd310728,0x00000000fd380000)
  to   space 19968K, 99% used [0x00000000fd380000,0x00000000fe6fdf88,0x00000000fe700000)
 ParOldGen       total 131072K, used 69784K [0x00000000a0000000, 0x00000000a8000000, 0x00000000e0000000)
  object space 131072K, 53% used [0x00000000a0000000,0x00000000a4426030,0x00000000a8000000)
 Metaspace       used 74104K, capacity 79848K, committed 79960K, reserved 1118208K
  class space    used 9483K, capacity 10301K, committed 10368K, reserved 1048576K
GC Heap History (10 events):
Event: 1938.653 GC heap after
Heap after GC invocations=18 (full 3):
 PSYoungGen      total 493568K, used 22443K [0x00000000e0000000, 0x0000000100000000, 0x0000000100000000)
  eden space 471040K, 0% used [0x00000000e0000000,0x00000000e0000000,0x00000000fcc00000)
  from space 22528K, 99% used [0x00000000fcc00000,0x00000000fe1eafc0,0x00000000fe200000)
  to   space 28160K, 0% used [0x00000000fe480000,0x00000000fe480000,0x0000000100000000)
 ParOldGen       total 131072K, used 52361K [0x00000000a0000000, 0x00000000a8000000, 0x00000000e0000000)
  object space 131072K, 39% used [0x00000000a0000000,0x00000000a33227b0,0x00000000a8000000)
 Metaspace       used 71917K, capacity 75812K, committed 75992K, reserved 1116160K
  class space    used 9215K, capacity 9863K, committed 9984K, reserved 1048576K
}
Event: 2090.151 GC heap before
{Heap before GC invocations=19 (full 3):
 PSYoungGen      total 493568K, used 493483K [0x00000000e0000000, 0x0000000100000000, 0x0000000100000000)
  eden space 471040K, 100% used [0x00000000e0000000,0x00000000fcc00000,0x00000000fcc00000)
  from space 22528K, 99% used [0x00000000fcc00000,0x00000000fe1eafc0,0x00000000fe200000)
  to   space 28160K, 0% used [0x00000000fe480000,0x00000000fe480000,0x0000000100000000)
 ParOldGen       total 131072K, used 52361K [0x00000000a0000000, 0x00000000a8000000, 0x00000000e0000000)
  object space 131072K, 39% used [0x00000000a0000000,0x00000000a33227b0,0x00000000a8000000)
 Metaspace       used 72383K, capacity 76482K, committed 76760K, reserved 1116160K
  class space    used 9262K, capacity 9936K, committed 9984K, reserved 1048576K
Event: 2090.155 GC heap after
Heap after GC invocations=19 (full 3):
 PSYoungGen      total 495104K, used 1803K [0x00000000e0000000, 0x0000000100000000, 0x0000000100000000)
  eden space 466944K, 0% used [0x00000000e0000000,0x00000000e0000000,0x00000000fc800000)
  from space 28160K, 6% used [0x00000000fe480000,0x00000000fe642e70,0x0000000100000000)
  to   space 28672K, 0% used [0x00000000fc800000,0x00000000fc800000,0x00000000fe400000)
 ParOldGen       total 131072K, used 56524K [0x00000000a0000000, 0x00000000a8000000, 0x00000000e0000000)
  object space 131072K, 43% used [0x00000000a0000000,0x00000000a37330d0,0x00000000a8000000)
 Metaspace       used 72383K, capacity 76482K, committed 76760K, reserved 1116160K
  class space    used 9262K, capacity 9936K, committed 9984K, reserved 1048576K
}
Event: 2167.472 GC heap before
{Heap before GC invocations=20 (full 3):
 PSYoungGen      total 495104K, used 468747K [0x00000000e0000000, 0x0000000100000000, 0x0000000100000000)
  eden space 466944K, 100% used [0x00000000e0000000,0x00000000fc800000,0x00000000fc800000)
  from space 28160K, 6% used [0x00000000fe480000,0x00000000fe642e70,0x0000000100000000)
  to   space 28672K, 0% used [0x00000000fc800000,0x00000000fc800000,0x00000000fe400000)
 ParOldGen       total 131072K, used 56524K [0x00000000a0000000, 0x00000000a8000000, 0x00000000e0000000)
  object space 131072K, 43% used [0x00000000a0000000,0x00000000a37330d0,0x00000000a8000000)
 Metaspace       used 72723K, capacity 77000K, committed 77272K, reserved 1116160K
  class space    used 9280K, capacity 9955K, committed 9984K, reserved 1048576K
Event: 2167.477 GC heap after
Heap after GC invocations=20 (full 3):
 PSYoungGen      total 474112K, used 6934K [0x00000000e0000000, 0x00000000ffe80000, 0x0000000100000000)
  eden space 466944K, 0% used [0x00000000e0000000,0x00000000e0000000,0x00000000fc800000)
  from space 7168K, 96% used [0x00000000fc800000,0x00000000fcec5a00,0x00000000fcf00000)
  to   space 27648K, 0% used [0x00000000fe380000,0x00000000fe380000,0x00000000ffe80000)
 ParOldGen       total 131072K, used 57128K [0x00000000a0000000, 0x00000000a8000000, 0x00000000e0000000)
  object space 131072K, 43% used [0x00000000a0000000,0x00000000a37ca100,0x00000000a8000000)
 Metaspace       used 72723K, capacity 77000K, committed 77272K, reserved 1116160K
  class space    used 9280K, capacity 9955K, committed 9984K, reserved 1048576K
}
Event: 2485.496 GC heap before
{Heap before GC invocations=21 (full 3):
 PSYoungGen      total 474112K, used 473878K [0x00000000e0000000, 0x00000000ffe80000, 0x0000000100000000)
  eden space 466944K, 100% used [0x00000000e0000000,0x00000000fc800000,0x00000000fc800000)
  from space 7168K, 96% used [0x00000000fc800000,0x00000000fcec5a00,0x00000000fcf00000)
  to   space 27648K, 0% used [0x00000000fe380000,0x00000000fe380000,0x00000000ffe80000)
 ParOldGen       total 131072K, used 57128K [0x00000000a0000000, 0x00000000a8000000, 0x00000000e0000000)
  object space 131072K, 43% used [0x00000000a0000000,0x00000000a37ca100,0x00000000a8000000)
 Metaspace       used 72987K, capacity 77456K, committed 77528K, reserved 1116160K
  class space    used 9299K, capacity 9973K, committed 9984K, reserved 1048576K
Event: 2485.501 GC heap after
Heap after GC invocations=21 (full 3):
 PSYoungGen      total 496128K, used 10414K [0x00000000e0000000, 0x0000000100000000, 0x0000000100000000)
  eden space 468480K, 0% used [0x00000000e0000000,0x00000000e0000000,0x00000000fc980000)
  from space 27648K, 37% used [0x00000000fe380000,0x00000000fedab808,0x00000000ffe80000)
  to   space 26624K, 0% used [0x00000000fc980000,0x00000000fc980000,0x00000000fe380000)
 ParOldGen       total 131072K, used 57136K [0x00000000a0000000, 0x00000000a8000000, 0x00000000e0000000)
  object space 131072K, 43% used [0x00000000a0000000,0x00000000a37cc100,0x00000000a8000000)
 Metaspace       used 72987K, capacity 77456K, committed 77528K, reserved 1116160K
  class space    used 9299K, capacity 9973K, committed 9984K, reserved 1048576K
}
Event: 2815.572 GC heap before
{Heap before GC invocations=22 (full 3):
 PSYoungGen      total 496128K, used 478894K [0x00000000e0000000, 0x0000000100000000, 0x0000000100000000)
  eden space 468480K, 100% used [0x00000000e0000000,0x00000000fc980000,0x00000000fc980000)
  from space 27648K, 37% used [0x00000000fe380000,0x00000000fedab808,0x00000000ffe80000)
  to   space 26624K, 0% used [0x00000000fc980000,0x00000000fc980000,0x00000000fe380000)
 ParOldGen       total 131072K, used 57136K [0x00000000a0000000, 0x00000000a8000000, 0x00000000e0000000)
  object space 131072K, 43% used [0x00000000a0000000,0x00000000a37cc100,0x00000000a8000000)
 Metaspace       used 73247K, capacity 77784K, committed 77912K, reserved 1118208K
  class space    used 9322K, capacity 10009K, committed 10112K, reserved 1048576K
Event: 2815.579 GC heap after
Heap after GC invocations=22 (full 3):
 PSYoungGen      total 458752K, used 9793K [0x00000000e0000000, 0x00000000fe700000, 0x0000000100000000)
  eden space 448512K, 0% used [0x00000000e0000000,0x00000000e0000000,0x00000000fb600000)
  from space 10240K, 95% used [0x00000000fc980000,0x00000000fd310728,0x00000000fd380000)
  to   space 19968K, 0% used [0x00000000fd380000,0x00000000fd380000,0x00000000fe700000)
 ParOldGen       total 131072K, used 57144K [0x00000000a0000000, 0x00000000a8000000, 0x00000000e0000000)
  object space 131072K, 43% used [0x00000000a0000000,0x00000000a37ce100,0x00000000a8000000)
 Metaspace       used 73247K, capacity 77784K, committed 77912K, reserved 1118208K
  class space    used 9322K, capacity 10009K, committed 10112K, reserved 1048576K
}
Event: 6142.395 GC heap before
{Heap before GC invocations=23 (full 3):
 PSYoungGen      total 458752K, used 458305K [0x00000000e0000000, 0x00000000fe700000, 0x0000000100000000)
  eden space 448512K, 100% used [0x00000000e0000000,0x00000000fb600000,0x00000000fb600000)
  from space 10240K, 95% used [0x00000000fc980000,0x00000000fd310728,0x00000000fd380000)
  to   space 19968K, 0% used [0x00000000fd380000,0x00000000fd380000,0x00000000fe700000)
 ParOldGen       total 131072K, used 57144K [0x00000000a0000000, 0x00000000a8000000, 0x00000000e0000000)
  object space 131072K, 43% used [0x00000000a0000000,0x00000000a37ce100,0x00000000a8000000)
 Metaspace       used 74104K, capacity 79848K, committed 79960K, reserved 1118208K
  class space    used 9483K, capacity 10301K, committed 10368K, reserved 1048576K

